<?xml version="1.0" encoding="UTF-8"?>
<!-- Generated by org.testng.reporters.JUnitXMLReporter -->
<testsuite ignored="0" hostname="wl2s-164-43.unil.ch" failures="0" tests="7" name="Surefire test" time="0.612" errors="0" timestamp="2023-10-16T10:49:33 CEST">
  <testcase classname="ch.unil.doplab.grocerystorewebsite.v1.tests.FoodControllerTest" name="testAddFoodToShoppingCart" time="0.007"/>
  <testcase classname="ch.unil.doplab.grocerystorewebsite.v1.tests.FoodControllerTest" name="testArithmeticException" time="0.001"/>
  <testcase classname="ch.unil.doplab.grocerystorewebsite.v1.tests.FoodControllerTest" name="testClassCastException" time="0.001"/>
  <testcase classname="ch.unil.doplab.grocerystorewebsite.v1.tests.FoodControllerTest" name="testIndexOutOfBoundsException" time="0.001"/>
  <testcase classname="ch.unil.doplab.grocerystorewebsite.v1.tests.FoodControllerTest" name="testNumberFormatException" time="0.001"/>
  <testcase classname="ch.unil.doplab.grocerystorewebsite.v1.tests.FoodControllerTest" name="testRemoveFoodFromShoppingCart" time="0.004"/>
  <testcase classname="ch.unil.doplab.grocerystorewebsite.v1.tests.FoodControllerTest" name="testTimeOut" time="0.509"/>
</testsuite> <!-- Surefire test -->
