<?xml version="1.0" encoding="UTF-8"?>
<testsuite xmlns:xsi="http://www.w3.org/2001/XMLSchema-instance" xsi:noNamespaceSchemaLocation="https://maven.apache.org/surefire/maven-surefire-plugin/xsd/surefire-test-report-3.0.xsd" version="3.0" name="ch.unil.doplab.grocerystorewebsite.v1.tests.FoodControllerTest" time="1.185" tests="7" errors="0" skipped="0" failures="0">
  <properties>
[...]
</properties>
  <testcase name="testAddFoodToShoppingCart" classname="ch.unil.doplab.grocerystorewebsite.v1.tests.FoodControllerTest" time="0.007">
    <system-out><![CDATA[FoodControllerTest constructor
@BeforeClass setUpClass
@BeforeMethod setUp
@Test testAddFoodToShoppingCart
]]></system-out>
    <system-err><![CDATA[SLF4J: Failed to load class "org.slf4j.impl.StaticLoggerBinder".
SLF4J: Defaulting to no-operation (NOP) logger implementation
SLF4J: See http://www.slf4j.org/codes.html#StaticLoggerBinder for further details.
]]></system-err>
  </testcase>
  <testcase name="testArithmeticException" classname="ch.unil.doplab.grocerystorewebsite.v1.tests.FoodControllerTest" time="0.0">
    <system-out><![CDATA[@AfterMethod tearDown
@BeforeMethod setUp
@Test testArithmeticException
]]></system-out>
  </testcase>
  <testcase name="testClassCastException" classname="ch.unil.doplab.grocerystorewebsite.v1.tests.FoodControllerTest" time="0.0">
    <system-out><![CDATA[@AfterMethod tearDown
@BeforeMethod setUp
@Test testClassCastException
]]></system-out>
  </testcase>
  <testcase name="testIndexOutOfBoundsException" classname="ch.unil.doplab.grocerystorewebsite.v1.tests.FoodControllerTest" time="0.001">
    <system-out><![CDATA[@AfterMethod tearDown
@BeforeMethod setUp
@Test testIndexOutOfBoundsException
]]></system-out>
  </testcase>
  <testcase name="testNumberFormatException" classname="ch.unil.doplab.grocerystorewebsite.v1.tests.FoodControllerTest" time="0.0">
    <system-out><![CDATA[@AfterMethod tearDown
@BeforeMethod setUp
@Test testNumberFormatException
]]></system-out>
  </testcase>
  <testcase name="testRemoveFoodFromShoppingCart" classname="ch.unil.doplab.grocerystorewebsite.v1.tests.FoodControllerTest" time="0.004">
    <system-out><![CDATA[@AfterMethod tearDown
@BeforeMethod setUp
@Test testRemoveFoodFromShoppingCart
]]></system-out>
  </testcase>
  <testcase name="testTimeOut" classname="ch.unil.doplab.grocerystorewebsite.v1.tests.FoodControllerTest" time="0.508">
    <system-out><![CDATA[@AfterMethod tearDown
@BeforeMethod setUp
@Test testTimeOut
]]></system-out>
  </testcase>
</testsuite>